-------------------------------------------------------------------------------
Test set: co.com.activos.replicador_documental.ReplicadorDocumentalApplicationTests
-------------------------------------------------------------------------------
Tests run: 1, Failures: 0, Errors: 1, Skipped: 0, Time elapsed: 8.476 s <<< FAILURE! -- in co.com.activos.replicador_documental.ReplicadorDocumentalApplicationTests
co.com.activos.replicador_documental.ReplicadorDocumentalApplicationTests.contextLoads -- Time elapsed: 0.003 s <<< ERROR!
java.lang.IllegalStateException: Failed to load ApplicationContext for [WebMergedContextConfiguration@441a2d52 testClass = co.com.activos.replicador_documental.ReplicadorDocumentalApplicationTests, locations = [], classes = [co.com.activos.replicador_documental.ReplicadorDocumentalApplication], contextInitializerClasses = [], activeProfiles = [], propertySourceDescriptors = [], propertySourceProperties = ["org.springframework.boot.test.context.SpringBootTestContextBootstrapper=true"], contextCustomizers = [org.springframework.boot.test.context.filter.ExcludeFilterContextCustomizer@78fa769e, org.springframework.boot.test.json.DuplicateJsonObjectContextCustomizerFactory$DuplicateJsonObjectContextCustomizer@18317edc, org.springframework.boot.test.mock.mockito.MockitoContextCustomizer@0, org.springframework.boot.test.web.client.TestRestTemplateContextCustomizer@18ece7f4, org.springframework.boot.test.autoconfigure.actuate.observability.ObservabilityContextCustomizerFactory$DisableObservabilityContextCustomizer@1f, org.springframework.boot.test.autoconfigure.properties.PropertyMappingContextCustomizer@0, org.springframework.boot.test.autoconfigure.web.servlet.WebDriverContextCustomizer@a1f72f5, org.springframework.boot.test.context.SpringBootTestAnnotation@ea41e9e3], resourceBasePath = "src/main/webapp", contextLoader = org.springframework.boot.test.context.SpringBootContextLoader, parent = null]
	at org.springframework.test.context.cache.DefaultCacheAwareContextLoaderDelegate.loadContext(DefaultCacheAwareContextLoaderDelegate.java:180)
	at org.springframework.test.context.support.DefaultTestContext.getApplicationContext(DefaultTestContext.java:130)
	at org.springframework.test.context.web.ServletTestExecutionListener.setUpRequestContextIfNecessary(ServletTestExecutionListener.java:191)
	at org.springframework.test.context.web.ServletTestExecutionListener.prepareTestInstance(ServletTestExecutionListener.java:130)
	at org.springframework.test.context.TestContextManager.prepareTestInstance(TestContextManager.java:247)
	at org.springframework.test.context.junit.jupiter.SpringExtension.postProcessTestInstance(SpringExtension.java:163)
	at java.base/java.util.stream.ReferencePipeline$3$1.accept(ReferencePipeline.java:197)
	at java.base/java.util.stream.ReferencePipeline$2$1.accept(ReferencePipeline.java:179)
	at java.base/java.util.ArrayList$ArrayListSpliterator.forEachRemaining(ArrayList.java:1708)
	at java.base/java.util.stream.AbstractPipeline.copyInto(AbstractPipeline.java:509)
	at java.base/java.util.stream.AbstractPipeline.wrapAndCopyInto(AbstractPipeline.java:499)
	at java.base/java.util.stream.StreamSpliterators$WrappingSpliterator.forEachRemaining(StreamSpliterators.java:310)
	at java.base/java.util.stream.Streams$ConcatSpliterator.forEachRemaining(Streams.java:735)
	at java.base/java.util.stream.Streams$ConcatSpliterator.forEachRemaining(Streams.java:734)
	at java.base/java.util.stream.ReferencePipeline$Head.forEach(ReferencePipeline.java:762)
	at java.base/java.util.Optional.orElseGet(Optional.java:364)
	at java.base/java.util.ArrayList.forEach(ArrayList.java:1596)
	at java.base/java.util.ArrayList.forEach(ArrayList.java:1596)
Caused by: org.springframework.beans.factory.BeanCreationException: Error creating bean with name 'marshaller' defined in class path resource [co/com/activos/replicador_documental/infrastructure/adapters/soap/config/SoapClientConfig.class]: Unknown JAXB exception
	at org.springframework.beans.factory.support.AbstractAutowireCapableBeanFactory.initializeBean(AbstractAutowireCapableBeanFactory.java:1775)
	at org.springframework.beans.factory.support.AbstractAutowireCapableBeanFactory.doCreateBean(AbstractAutowireCapableBeanFactory.java:601)
	at org.springframework.beans.factory.support.AbstractAutowireCapableBeanFactory.createBean(AbstractAutowireCapableBeanFactory.java:523)
	at org.springframework.beans.factory.support.AbstractBeanFactory.lambda$doGetBean$0(AbstractBeanFactory.java:325)
	at org.springframework.beans.factory.support.DefaultSingletonBeanRegistry.getSingleton(DefaultSingletonBeanRegistry.java:234)
	at org.springframework.beans.factory.support.AbstractBeanFactory.doGetBean(AbstractBeanFactory.java:323)
	at org.springframework.beans.factory.support.AbstractBeanFactory.getBean(AbstractBeanFactory.java:199)
	at org.springframework.beans.factory.support.DefaultListableBeanFactory.preInstantiateSingletons(DefaultListableBeanFactory.java:973)
	at org.springframework.context.support.AbstractApplicationContext.finishBeanFactoryInitialization(AbstractApplicationContext.java:946)
	at org.springframework.context.support.AbstractApplicationContext.refresh(AbstractApplicationContext.java:616)
	at org.springframework.boot.SpringApplication.refresh(SpringApplication.java:753)
	at org.springframework.boot.SpringApplication.refreshContext(SpringApplication.java:455)
	at org.springframework.boot.SpringApplication.run(SpringApplication.java:323)
	at org.springframework.boot.test.context.SpringBootContextLoader.lambda$loadContext$3(SpringBootContextLoader.java:137)
	at org.springframework.util.function.ThrowingSupplier.get(ThrowingSupplier.java:58)
	at org.springframework.util.function.ThrowingSupplier.get(ThrowingSupplier.java:46)
	at org.springframework.boot.SpringApplication.withHook(SpringApplication.java:1442)
	at org.springframework.boot.test.context.SpringBootContextLoader$ContextLoaderHook.run(SpringBootContextLoader.java:552)
	at org.springframework.boot.test.context.SpringBootContextLoader.loadContext(SpringBootContextLoader.java:137)
	at org.springframework.boot.test.context.SpringBootContextLoader.loadContext(SpringBootContextLoader.java:108)
	at org.springframework.test.context.cache.DefaultCacheAwareContextLoaderDelegate.loadContextInternal(DefaultCacheAwareContextLoaderDelegate.java:225)
	at org.springframework.test.context.cache.DefaultCacheAwareContextLoaderDelegate.loadContext(DefaultCacheAwareContextLoaderDelegate.java:152)
	... 17 more
Caused by: org.springframework.oxm.UncategorizedMappingException: Unknown JAXB exception
	at org.springframework.oxm.jaxb.Jaxb2Marshaller.convertJaxbException(Jaxb2Marshaller.java:958)
	at org.springframework.oxm.jaxb.Jaxb2Marshaller.getJaxbContext(Jaxb2Marshaller.java:519)
	at org.springframework.oxm.jaxb.Jaxb2Marshaller.afterPropertiesSet(Jaxb2Marshaller.java:485)
	at org.springframework.beans.factory.support.AbstractAutowireCapableBeanFactory.invokeInitMethods(AbstractAutowireCapableBeanFactory.java:1822)
	at org.springframework.beans.factory.support.AbstractAutowireCapableBeanFactory.initializeBean(AbstractAutowireCapableBeanFactory.java:1771)
	... 38 more
Caused by: org.glassfish.jaxb.runtime.v2.runtime.IllegalAnnotationsException: 2 counts of IllegalAnnotationExceptions
La clase tiene dos propiedades con el mismo nombre "contenido"
	this problem is related to the following location:
		at public java.lang.String co.com.activos.replicador_documental.infrastructure.adapters.soap.model.SolicitarArchivoResponse$ArchivoData.getContenido()
		at co.com.activos.replicador_documental.infrastructure.adapters.soap.model.SolicitarArchivoResponse$ArchivoData
		at private co.com.activos.replicador_documental.infrastructure.adapters.soap.model.SolicitarArchivoResponse$ArchivoData co.com.activos.replicador_documental.infrastructure.adapters.soap.model.SolicitarArchivoResponse.archivo
		at co.com.activos.replicador_documental.infrastructure.adapters.soap.model.SolicitarArchivoResponse
	this problem is related to the following location:
		at private java.lang.String co.com.activos.replicador_documental.infrastructure.adapters.soap.model.SolicitarArchivoResponse$ArchivoData.contenido
		at co.com.activos.replicador_documental.infrastructure.adapters.soap.model.SolicitarArchivoResponse$ArchivoData
		at private co.com.activos.replicador_documental.infrastructure.adapters.soap.model.SolicitarArchivoResponse$ArchivoData co.com.activos.replicador_documental.infrastructure.adapters.soap.model.SolicitarArchivoResponse.archivo
		at co.com.activos.replicador_documental.infrastructure.adapters.soap.model.SolicitarArchivoResponse
La clase tiene dos propiedades con el mismo nombre "nombre"
	this problem is related to the following location:
		at public java.lang.String co.com.activos.replicador_documental.infrastructure.adapters.soap.model.SolicitarArchivoResponse$ArchivoData.getNombre()
		at co.com.activos.replicador_documental.infrastructure.adapters.soap.model.SolicitarArchivoResponse$ArchivoData
		at private co.com.activos.replicador_documental.infrastructure.adapters.soap.model.SolicitarArchivoResponse$ArchivoData co.com.activos.replicador_documental.infrastructure.adapters.soap.model.SolicitarArchivoResponse.archivo
		at co.com.activos.replicador_documental.infrastructure.adapters.soap.model.SolicitarArchivoResponse
	this problem is related to the following location:
		at private java.lang.String co.com.activos.replicador_documental.infrastructure.adapters.soap.model.SolicitarArchivoResponse$ArchivoData.nombre
		at co.com.activos.replicador_documental.infrastructure.adapters.soap.model.SolicitarArchivoResponse$ArchivoData
		at private co.com.activos.replicador_documental.infrastructure.adapters.soap.model.SolicitarArchivoResponse$ArchivoData co.com.activos.replicador_documental.infrastructure.adapters.soap.model.SolicitarArchivoResponse.archivo
		at co.com.activos.replicador_documental.infrastructure.adapters.soap.model.SolicitarArchivoResponse

	at org.glassfish.jaxb.runtime.v2.runtime.IllegalAnnotationsException$Builder.check(IllegalAnnotationsException.java:83)
	at org.glassfish.jaxb.runtime.v2.runtime.JAXBContextImpl.getTypeInfoSet(JAXBContextImpl.java:421)
	at org.glassfish.jaxb.runtime.v2.runtime.JAXBContextImpl.<init>(JAXBContextImpl.java:255)
	at org.glassfish.jaxb.runtime.v2.runtime.JAXBContextImpl$JAXBContextBuilder.build(JAXBContextImpl.java:1115)
	at org.glassfish.jaxb.runtime.v2.ContextFactory.createContext(ContextFactory.java:144)
	at org.glassfish.jaxb.runtime.v2.JAXBContextFactory.createContext(JAXBContextFactory.java:44)
	at jakarta.xml.bind.ContextFinder.find(ContextFinder.java:373)
	at jakarta.xml.bind.JAXBContext.newInstance(JAXBContext.java:605)
	at jakarta.xml.bind.JAXBContext.newInstance(JAXBContext.java:546)
	at org.springframework.oxm.jaxb.Jaxb2Marshaller.createJaxbContextFromClasses(Jaxb2Marshaller.java:559)
	at org.springframework.oxm.jaxb.Jaxb2Marshaller.getJaxbContext(Jaxb2Marshaller.java:508)
	... 41 more

